<?xml version="1.0" encoding="UTF-8"?>
<!-- Generated by org.testng.reporters.JUnitReportReporter -->
<testsuite hostname="SAGITEC-2619" failures="0" tests="1" name="cucumberOptions.Runner_File" time="11.683" errors="0" timestamp="2023-08-09T17:21:09 IST" skipped="0">
  <testcase classname="cucumberOptions.Runner_File" name="runScenario" time="11.683"/>
</testsuite> <!-- cucumberOptions.Runner_File -->
